<?xml version="1.0" encoding="UTF-8"?>
<!-- Generated by org.testng.reporters.JUnitReportReporter -->
<testsuite skipped="0" hostname="KODECORP" name="Vf_QuoteCreation_Buyer_Login.Buyer_Login" tests="4" failures="0" timestamp="23 Mar 2020 10:59:21 GMT" time="139.330" errors="0">
  <testcase name="Browser" time="59.911" classname="Vf_QuoteCreation_Buyer_Login.Buyer_Login"/>
  <testcase name="Login" time="0.366" classname="Vf_QuoteCreation_Buyer_Login.Buyer_Login"/>
  <testcase name="verify_buyer_login" time="64.433" classname="Vf_QuoteCreation_Buyer_Login.Buyer_Login"/>
  <testcase name="Create_quote_save" time="14.620" classname="Vf_QuoteCreation_Buyer_Login.Buyer_Login"/>
</testsuite> <!-- Vf_QuoteCreation_Buyer_Login.Buyer_Login -->
