<?xml version="1.0" encoding="UTF-8"?>
<!-- Generated by org.testng.reporters.JUnitReportReporter -->
<testsuite skipped="0" hostname="Kiran-PC" name="VF_Quote_Creation_And_Response.FTL_Quote_Creation_Buyer_Ranking_Basis_Per_Period" tests="13" failures="0" timestamp="27 May 2020 06:10:04 GMT" time="171.282" errors="0">
  <testcase name="Browser" time="8.924" classname="VF_Quote_Creation_And_Response.FTL_Quote_Creation_Buyer_Ranking_Basis_Per_Period"/>
  <testcase name="Buyer_Login" time="10.040" classname="VF_Quote_Creation_And_Response.FTL_Quote_Creation_Buyer_Ranking_Basis_Per_Period"/>
  <testcase name="verify_buyer_login" time="0.541" classname="VF_Quote_Creation_And_Response.FTL_Quote_Creation_Buyer_Ranking_Basis_Per_Period"/>
  <testcase name="Navigate_to_Create_Or_View_Page" time="6.079" classname="VF_Quote_Creation_And_Response.FTL_Quote_Creation_Buyer_Ranking_Basis_Per_Period"/>
  <testcase name="Enter_Details_In_Create_Quote" time="6.017" classname="VF_Quote_Creation_And_Response.FTL_Quote_Creation_Buyer_Ranking_Basis_Per_Period"/>
  <testcase name="Select_Division_And_Delivery_Location" time="10.518" classname="VF_Quote_Creation_And_Response.FTL_Quote_Creation_Buyer_Ranking_Basis_Per_Period"/>
  <testcase name="Open_Modify" time="7.248" classname="VF_Quote_Creation_And_Response.FTL_Quote_Creation_Buyer_Ranking_Basis_Per_Period"/>
  <testcase name="Enter_Details_In_Tand" time="71.898" classname="VF_Quote_Creation_And_Response.FTL_Quote_Creation_Buyer_Ranking_Basis_Per_Period"/>
  <testcase name="Quote_Save_As_Draft" time="8.953" classname="VF_Quote_Creation_And_Response.FTL_Quote_Creation_Buyer_Ranking_Basis_Per_Period"/>
  <testcase name="Select_Sellers_For_Quote" time="19.466" classname="VF_Quote_Creation_And_Response.FTL_Quote_Creation_Buyer_Ranking_Basis_Per_Period"/>
  <testcase name="Save_And_Send_Quote_To_Seller" time="8.494" classname="VF_Quote_Creation_And_Response.FTL_Quote_Creation_Buyer_Ranking_Basis_Per_Period"/>
  <testcase name="Verify_Save_And_Send_Quote_In_Active_Quotes" time="9.436" classname="VF_Quote_Creation_And_Response.FTL_Quote_Creation_Buyer_Ranking_Basis_Per_Period"/>
  <testcase name="Veify_Buyer_Logout" time="3.668" classname="VF_Quote_Creation_And_Response.FTL_Quote_Creation_Buyer_Ranking_Basis_Per_Period"/>
</testsuite> <!-- VF_Quote_Creation_And_Response.FTL_Quote_Creation_Buyer_Ranking_Basis_Per_Period -->
