<?xml version="1.0" encoding="UTF-8"?>
<!-- Generated by org.testng.reporters.JUnitReportReporter -->
<testsuite skipped="0" hostname="KODECORP" name="Vf_QuoteCreation_Buyer_Login.Seller_Respone_Quote" tests="14" failures="0" timestamp="23 Apr 2020 06:52:58 GMT" time="124.167" errors="0">
  <testcase name="Browser" time="20.023" classname="Vf_QuoteCreation_Buyer_Login.Seller_Respone_Quote"/>
  <testcase name="Seller_Login" time="13.616" classname="Vf_QuoteCreation_Buyer_Login.Seller_Respone_Quote"/>
  <testcase name="verify_Seller_login" time="0.851" classname="Vf_QuoteCreation_Buyer_Login.Seller_Respone_Quote"/>
  <testcase name="Navigate_to_Review_Quote" time="11.152" classname="Vf_QuoteCreation_Buyer_Login.Seller_Respone_Quote"/>
  <testcase name="Seller_New_Quote_Search" time="11.838" classname="Vf_QuoteCreation_Buyer_Login.Seller_Respone_Quote"/>
  <testcase name="enter_frghtpergal" time="2.402" classname="Vf_QuoteCreation_Buyer_Login.Seller_Respone_Quote"/>
  <testcase name="Verify_Quote_status_as_HoldAsDraft" time="0.176" classname="Vf_QuoteCreation_Buyer_Login.Seller_Respone_Quote"/>
  <testcase name="Enter_data_on_Quick_response" time="12.859" classname="Vf_QuoteCreation_Buyer_Login.Seller_Respone_Quote"/>
  <testcase name="save_response_tandc" time="4.130" classname="Vf_QuoteCreation_Buyer_Login.Seller_Respone_Quote"/>
  <testcase name="Verify_Quote_status_as_ReadytoSubmit" time="0.150" classname="Vf_QuoteCreation_Buyer_Login.Seller_Respone_Quote"/>
  <testcase name="verify_response_data_on_tandc" time="12.096" classname="Vf_QuoteCreation_Buyer_Login.Seller_Respone_Quote"/>
  <testcase name="Verify_finaltotal_and_RankingBasis_Values" time="8.507" classname="Vf_QuoteCreation_Buyer_Login.Seller_Respone_Quote"/>
  <testcase name="Submit_response" time="6.264" classname="Vf_QuoteCreation_Buyer_Login.Seller_Respone_Quote"/>
  <testcase name="verify_Submitted_quote_in_Active" time="20.103" classname="Vf_QuoteCreation_Buyer_Login.Seller_Respone_Quote"/>
</testsuite> <!-- Vf_QuoteCreation_Buyer_Login.Seller_Respone_Quote -->
