<?xml version="1.0" encoding="UTF-8"?>
<!-- Generated by org.testng.reporters.JUnitReportReporter -->
<testsuite skipped="0" hostname="Kiran-PC" name="VF_Quote_Creation_And_Response.LTL_Quote_Buyer_Side_Verification_Ranking_Basis_Per_Gal" tests="32" failures="0" timestamp="25 May 2020 14:55:42 GMT" time="110.372" errors="0">
  <testcase name="Browser" time="7.562" classname="VF_Quote_Creation_And_Response.LTL_Quote_Buyer_Side_Verification_Ranking_Basis_Per_Gal"/>
  <testcase name="Buyer_Login" time="9.909" classname="VF_Quote_Creation_And_Response.LTL_Quote_Buyer_Side_Verification_Ranking_Basis_Per_Gal"/>
  <testcase name="verify_buyer_login" time="0.063" classname="VF_Quote_Creation_And_Response.LTL_Quote_Buyer_Side_Verification_Ranking_Basis_Per_Gal"/>
  <testcase name="Navigate_to_Create_Or_View_Page" time="4.864" classname="VF_Quote_Creation_And_Response.LTL_Quote_Buyer_Side_Verification_Ranking_Basis_Per_Gal"/>
  <testcase name="Open_Quote_In_Active_Tab" time="8.062" classname="VF_Quote_Creation_And_Response.LTL_Quote_Buyer_Side_Verification_Ranking_Basis_Per_Gal"/>
  <testcase name="Verify_Page_Navigated_To_Delivery_Location" time="7.058" classname="VF_Quote_Creation_And_Response.LTL_Quote_Buyer_Side_Verification_Ranking_Basis_Per_Gal"/>
  <testcase name="Open_View_in_TandC" time="0.163" classname="VF_Quote_Creation_And_Response.LTL_Quote_Buyer_Side_Verification_Ranking_Basis_Per_Gal"/>
  <testcase name="Verify_Delivery_Flat_Fee_for_Seller_Freight_Rates_In_TandC" time="1.953" classname="VF_Quote_Creation_And_Response.LTL_Quote_Buyer_Side_Verification_Ranking_Basis_Per_Gal"/>
  <testcase name="Verify_Freight_And_Margin_$_Per_Gallon_for_Seller_Freight_Rates_In_TandC" time="0.234" classname="VF_Quote_Creation_And_Response.LTL_Quote_Buyer_Side_Verification_Ranking_Basis_Per_Gal"/>
  <testcase name="Verify_Final_Total_And_Ranking_Basis_in_TandC" time="3.324" classname="VF_Quote_Creation_And_Response.LTL_Quote_Buyer_Side_Verification_Ranking_Basis_Per_Gal"/>
  <testcase name="Open_Workbench" time="0.196" classname="VF_Quote_Creation_And_Response.LTL_Quote_Buyer_Side_Verification_Ranking_Basis_Per_Gal"/>
  <testcase name="Verify_Buyer_Calculations_on_Workbench" time="6.190" classname="VF_Quote_Creation_And_Response.LTL_Quote_Buyer_Side_Verification_Ranking_Basis_Per_Gal"/>
  <testcase name="Verify_Delivery_Flat_Fee_for_Seller_Freight_Rates_In_Workbench" time="0.560" classname="VF_Quote_Creation_And_Response.LTL_Quote_Buyer_Side_Verification_Ranking_Basis_Per_Gal"/>
  <testcase name="Verify_Freight_And_Margin_$_Per_Gallon_for_Seller_Freight_Rates_In_Workbench" time="0.227" classname="VF_Quote_Creation_And_Response.LTL_Quote_Buyer_Side_Verification_Ranking_Basis_Per_Gal"/>
  <testcase name="Verify_$_Per_Gal_Values_in_Workbench" time="0.229" classname="VF_Quote_Creation_And_Response.LTL_Quote_Buyer_Side_Verification_Ranking_Basis_Per_Gal"/>
  <testcase name="Close_Workbench" time="2.245" classname="VF_Quote_Creation_And_Response.LTL_Quote_Buyer_Side_Verification_Ranking_Basis_Per_Gal"/>
  <testcase name="Award_Quote" time="22.227" classname="VF_Quote_Creation_And_Response.LTL_Quote_Buyer_Side_Verification_Ranking_Basis_Per_Gal"/>
  <testcase name="Verify_Quote_in_Awarded_Tab" time="4.393" classname="VF_Quote_Creation_And_Response.LTL_Quote_Buyer_Side_Verification_Ranking_Basis_Per_Gal"/>
  <testcase name="Open_Awarded_Quote" time="11.811" classname="VF_Quote_Creation_And_Response.LTL_Quote_Buyer_Side_Verification_Ranking_Basis_Per_Gal"/>
  <testcase name="Verify_Page_Navigated_To_Delivery_Location_in_Awarded_Quote" time="0.050" classname="VF_Quote_Creation_And_Response.LTL_Quote_Buyer_Side_Verification_Ranking_Basis_Per_Gal"/>
  <testcase name="Verify_awarded_Quote_Status" time="0.052" classname="VF_Quote_Creation_And_Response.LTL_Quote_Buyer_Side_Verification_Ranking_Basis_Per_Gal"/>
  <testcase name="Open_View_in_TandC_in_Awarded_Quote" time="0.159" classname="VF_Quote_Creation_And_Response.LTL_Quote_Buyer_Side_Verification_Ranking_Basis_Per_Gal"/>
  <testcase name="Verify_Delivery_Flat_Fee_for_Seller_Freight_Rates_In_TandC_for_Awarded_Quote" time="2.041" classname="VF_Quote_Creation_And_Response.LTL_Quote_Buyer_Side_Verification_Ranking_Basis_Per_Gal"/>
  <testcase name="Verify_Freight_And_Margin_$_Per_Gallon_for_Seller_Freight_Rates_In_TandC_for_Awarded_Quote" time="0.280" classname="VF_Quote_Creation_And_Response.LTL_Quote_Buyer_Side_Verification_Ranking_Basis_Per_Gal"/>
  <testcase name="Verify_Final_Total_And_Ranking_Basis_in_TandC_for_Awarded_Quote" time="3.320" classname="VF_Quote_Creation_And_Response.LTL_Quote_Buyer_Side_Verification_Ranking_Basis_Per_Gal"/>
  <testcase name="Open_Workbench_for_Awarded_quote" time="0.185" classname="VF_Quote_Creation_And_Response.LTL_Quote_Buyer_Side_Verification_Ranking_Basis_Per_Gal"/>
  <testcase name="Verify_Buyer_Calculations_on_Workbench_for_Awarded_quote" time="5.962" classname="VF_Quote_Creation_And_Response.LTL_Quote_Buyer_Side_Verification_Ranking_Basis_Per_Gal"/>
  <testcase name="Verify_Delivery_Flat_Fee_for_Seller_Freight_Rates_In_Workbench_for_Awarded_quote" time="0.570" classname="VF_Quote_Creation_And_Response.LTL_Quote_Buyer_Side_Verification_Ranking_Basis_Per_Gal"/>
  <testcase name="Verify_Freight_And_Margin_$_Per_Gallon_for_Seller_Freight_Rates_In_Workbench_for_Awarded_quote" time="0.225" classname="VF_Quote_Creation_And_Response.LTL_Quote_Buyer_Side_Verification_Ranking_Basis_Per_Gal"/>
  <testcase name="Verify_$_Per_Gal_Values_in_Workbench_for_Awarded_quote" time="0.161" classname="VF_Quote_Creation_And_Response.LTL_Quote_Buyer_Side_Verification_Ranking_Basis_Per_Gal"/>
  <testcase name="Close_Workbench_for_Awarded_quote" time="2.259" classname="VF_Quote_Creation_And_Response.LTL_Quote_Buyer_Side_Verification_Ranking_Basis_Per_Gal"/>
  <testcase name="Veify_Buyer_Logout" time="3.838" classname="VF_Quote_Creation_And_Response.LTL_Quote_Buyer_Side_Verification_Ranking_Basis_Per_Gal"/>
</testsuite> <!-- VF_Quote_Creation_And_Response.LTL_Quote_Buyer_Side_Verification_Ranking_Basis_Per_Gal -->
