<?xml version="1.0" encoding="UTF-8"?>
<!-- Generated by org.testng.reporters.JUnitReportReporter -->
<testsuite skipped="0" hostname="Kiran-PC" name="VF_Quote_Creation_And_Response.FTL_Quote_Buyer_Side_Verification_Ranking_Basis_Per_Period" tests="51" failures="0" timestamp="27 May 2020 06:10:04 GMT" time="167.614" errors="0">
  <testcase name="Browser" time="8.497" classname="VF_Quote_Creation_And_Response.FTL_Quote_Buyer_Side_Verification_Ranking_Basis_Per_Period"/>
  <testcase name="Buyer_Login" time="12.983" classname="VF_Quote_Creation_And_Response.FTL_Quote_Buyer_Side_Verification_Ranking_Basis_Per_Period"/>
  <testcase name="verify_buyer_login" time="0.048" classname="VF_Quote_Creation_And_Response.FTL_Quote_Buyer_Side_Verification_Ranking_Basis_Per_Period"/>
  <testcase name="Navigate_to_Create_Or_View_Page" time="5.021" classname="VF_Quote_Creation_And_Response.FTL_Quote_Buyer_Side_Verification_Ranking_Basis_Per_Period"/>
  <testcase name="Open_Quote_In_Active_Tab" time="18.465" classname="VF_Quote_Creation_And_Response.FTL_Quote_Buyer_Side_Verification_Ranking_Basis_Per_Period"/>
  <testcase name="Verify_Page_Navigated_To_Delivery_Location" time="5.013" classname="VF_Quote_Creation_And_Response.FTL_Quote_Buyer_Side_Verification_Ranking_Basis_Per_Period"/>
  <testcase name="Open_Delivery_Location_list" time="0.226" classname="VF_Quote_Creation_And_Response.FTL_Quote_Buyer_Side_Verification_Ranking_Basis_Per_Period"/>
  <testcase name="Verify_Page_Is_Navigated_To_Manage_Rounds" time="10.242" classname="VF_Quote_Creation_And_Response.FTL_Quote_Buyer_Side_Verification_Ranking_Basis_Per_Period"/>
  <testcase name="Open_View_in_TandC" time="0.266" classname="VF_Quote_Creation_And_Response.FTL_Quote_Buyer_Side_Verification_Ranking_Basis_Per_Period"/>
  <testcase name="Verify_FuelSurcharge_and_Accessorial_Service_Fees_Per_Delivery_in_TandC" time="6.496" classname="VF_Quote_Creation_And_Response.FTL_Quote_Buyer_Side_Verification_Ranking_Basis_Per_Period"/>
  <testcase name="verify_Tolls_data_on_tandc" time="2.234" classname="VF_Quote_Creation_And_Response.FTL_Quote_Buyer_Side_Verification_Ranking_Basis_Per_Period"/>
  <testcase name="Verify_Freight_Per_Gallon_Values_in_TandC" time="0.462" classname="VF_Quote_Creation_And_Response.FTL_Quote_Buyer_Side_Verification_Ranking_Basis_Per_Period"/>
  <testcase name="Verify_Total_Charges_Frt_$_Per_Gall_in_TandC" time="0.463" classname="VF_Quote_Creation_And_Response.FTL_Quote_Buyer_Side_Verification_Ranking_Basis_Per_Period"/>
  <testcase name="Verify_$_Per_Period_Values_on_TandC" time="0.197" classname="VF_Quote_Creation_And_Response.FTL_Quote_Buyer_Side_Verification_Ranking_Basis_Per_Period"/>
  <testcase name="Verify_$_Per_del_Values_on_TandC" time="0.205" classname="VF_Quote_Creation_And_Response.FTL_Quote_Buyer_Side_Verification_Ranking_Basis_Per_Period"/>
  <testcase name="Verify_$_Per_Gal_Values_on_TandC" time="0.189" classname="VF_Quote_Creation_And_Response.FTL_Quote_Buyer_Side_Verification_Ranking_Basis_Per_Period"/>
  <testcase name="Verify_finaltotal_and_RankingBasis_Values_in_TandC" time="5.281" classname="VF_Quote_Creation_And_Response.FTL_Quote_Buyer_Side_Verification_Ranking_Basis_Per_Period"/>
  <testcase name="Open_Workbench" time="0.151" classname="VF_Quote_Creation_And_Response.FTL_Quote_Buyer_Side_Verification_Ranking_Basis_Per_Period"/>
  <testcase name="Verify_Buyer_Calculations_on_Workbench" time="11.346" classname="VF_Quote_Creation_And_Response.FTL_Quote_Buyer_Side_Verification_Ranking_Basis_Per_Period"/>
  <testcase name="Verify_FuelSurcharge_and_Accesorialfees_in_Workbench" time="2.110" classname="VF_Quote_Creation_And_Response.FTL_Quote_Buyer_Side_Verification_Ranking_Basis_Per_Period"/>
  <testcase name="Verify_Tolls_in_Workbench" time="0.243" classname="VF_Quote_Creation_And_Response.FTL_Quote_Buyer_Side_Verification_Ranking_Basis_Per_Period"/>
  <testcase name="Verify_Freight_Per_Gallon_Values_in_WorkBench" time="0.565" classname="VF_Quote_Creation_And_Response.FTL_Quote_Buyer_Side_Verification_Ranking_Basis_Per_Period"/>
  <testcase name="Verify_Total_Charges_Frt_$_Per_Gall_in_Workbench" time="0.554" classname="VF_Quote_Creation_And_Response.FTL_Quote_Buyer_Side_Verification_Ranking_Basis_Per_Period"/>
  <testcase name="Verify_$_Per_Period_Values_on_Workbench" time="0.753" classname="VF_Quote_Creation_And_Response.FTL_Quote_Buyer_Side_Verification_Ranking_Basis_Per_Period"/>
  <testcase name="Verify_$_Per_del_Values_on_Workbench" time="0.197" classname="VF_Quote_Creation_And_Response.FTL_Quote_Buyer_Side_Verification_Ranking_Basis_Per_Period"/>
  <testcase name="Verify_$_Per_Gal_Values_on_Workbench" time="0.246" classname="VF_Quote_Creation_And_Response.FTL_Quote_Buyer_Side_Verification_Ranking_Basis_Per_Period"/>
  <testcase name="Close_Workbench" time="2.171" classname="VF_Quote_Creation_And_Response.FTL_Quote_Buyer_Side_Verification_Ranking_Basis_Per_Period"/>
  <testcase name="Award_Quote" time="21.245" classname="VF_Quote_Creation_And_Response.FTL_Quote_Buyer_Side_Verification_Ranking_Basis_Per_Period"/>
  <testcase name="Verify_Quote_in_Awarded_Tab" time="6.055" classname="VF_Quote_Creation_And_Response.FTL_Quote_Buyer_Side_Verification_Ranking_Basis_Per_Period"/>
  <testcase name="Open_Awarded_Quote" time="7.039" classname="VF_Quote_Creation_And_Response.FTL_Quote_Buyer_Side_Verification_Ranking_Basis_Per_Period"/>
  <testcase name="Verify_awarded_Quote_Status" time="0.064" classname="VF_Quote_Creation_And_Response.FTL_Quote_Buyer_Side_Verification_Ranking_Basis_Per_Period"/>
  <testcase name="Open_TandC_for_Awarded_Quote" time="0.126" classname="VF_Quote_Creation_And_Response.FTL_Quote_Buyer_Side_Verification_Ranking_Basis_Per_Period"/>
  <testcase name="Verify_FuelSurcharge_and_Accesorialfees_in_TandC_for_Awarded_Quote" time="6.080" classname="VF_Quote_Creation_And_Response.FTL_Quote_Buyer_Side_Verification_Ranking_Basis_Per_Period"/>
  <testcase name="verify_Tolls_data_on_tandc_for_Awarded_Quote" time="2.300" classname="VF_Quote_Creation_And_Response.FTL_Quote_Buyer_Side_Verification_Ranking_Basis_Per_Period"/>
  <testcase name="Verify_Freight_Per_Gallon_Values_in_TandC_for_Awarded_quote" time="0.695" classname="VF_Quote_Creation_And_Response.FTL_Quote_Buyer_Side_Verification_Ranking_Basis_Per_Period"/>
  <testcase name="Verify_Total_Charges_Frt_$_Per_Gall_in_TandC_for_Awarded_quote" time="0.557" classname="VF_Quote_Creation_And_Response.FTL_Quote_Buyer_Side_Verification_Ranking_Basis_Per_Period"/>
  <testcase name="Verify_$_Per_Period_Values_on_TandC_for_Awarded_quote" time="0.231" classname="VF_Quote_Creation_And_Response.FTL_Quote_Buyer_Side_Verification_Ranking_Basis_Per_Period"/>
  <testcase name="Verify_$_Per_del_Values_on_TandC_for_Awarded_quote" time="0.237" classname="VF_Quote_Creation_And_Response.FTL_Quote_Buyer_Side_Verification_Ranking_Basis_Per_Period"/>
  <testcase name="Verify_$_Per_Gal_Values_on_TandC_for_Awarded_quote" time="0.420" classname="VF_Quote_Creation_And_Response.FTL_Quote_Buyer_Side_Verification_Ranking_Basis_Per_Period"/>
  <testcase name="Verify_finaltotal_and_RankingBasis_Values_in_TandC_for_Awarded_quote_for_Awarded_Quote" time="5.331" classname="VF_Quote_Creation_And_Response.FTL_Quote_Buyer_Side_Verification_Ranking_Basis_Per_Period"/>
  <testcase name="Open_Workbench_for_Awarded_quote" time="0.197" classname="VF_Quote_Creation_And_Response.FTL_Quote_Buyer_Side_Verification_Ranking_Basis_Per_Period"/>
  <testcase name="Verify_Buyer_Calculations_on_Workbench_for_Awarded_quote" time="11.142" classname="VF_Quote_Creation_And_Response.FTL_Quote_Buyer_Side_Verification_Ranking_Basis_Per_Period"/>
  <testcase name="Verify_FuelSurcharge_and_Accesorialfees_in_Workbench_for_Awarded_quote" time="2.135" classname="VF_Quote_Creation_And_Response.FTL_Quote_Buyer_Side_Verification_Ranking_Basis_Per_Period"/>
  <testcase name="Verify_Tolls_in_Workbench_for_Awarded_quote" time="0.368" classname="VF_Quote_Creation_And_Response.FTL_Quote_Buyer_Side_Verification_Ranking_Basis_Per_Period"/>
  <testcase name="Verify_Freight_Per_Gallon_Values_in_WorkBench_for_Awarded_quote" time="0.566" classname="VF_Quote_Creation_And_Response.FTL_Quote_Buyer_Side_Verification_Ranking_Basis_Per_Period"/>
  <testcase name="Verify_Total_Charges_Frt_$_Per_Gall_in_Workbench_for_Awarded_quote" time="0.732" classname="VF_Quote_Creation_And_Response.FTL_Quote_Buyer_Side_Verification_Ranking_Basis_Per_Period"/>
  <testcase name="Verify_$_Per_Period_Values_on_Workbench_for_Awarded_quote" time="0.723" classname="VF_Quote_Creation_And_Response.FTL_Quote_Buyer_Side_Verification_Ranking_Basis_Per_Period"/>
  <testcase name="Verify_$_Per_del_Values_on_Workbench_for_Awarded_quote" time="0.301" classname="VF_Quote_Creation_And_Response.FTL_Quote_Buyer_Side_Verification_Ranking_Basis_Per_Period"/>
  <testcase name="Verify_$_Per_Gal_Values_on_Workbench_for_Awarded_quote" time="0.319" classname="VF_Quote_Creation_And_Response.FTL_Quote_Buyer_Side_Verification_Ranking_Basis_Per_Period"/>
  <testcase name="Close_Workbench_for_Awarded_quote" time="2.225" classname="VF_Quote_Creation_And_Response.FTL_Quote_Buyer_Side_Verification_Ranking_Basis_Per_Period"/>
  <testcase name="Veify_Buyer_Logout" time="3.902" classname="VF_Quote_Creation_And_Response.FTL_Quote_Buyer_Side_Verification_Ranking_Basis_Per_Period"/>
</testsuite> <!-- VF_Quote_Creation_And_Response.FTL_Quote_Buyer_Side_Verification_Ranking_Basis_Per_Period -->
