<?xml version="1.0" encoding="UTF-8"?>
<!-- Generated by org.testng.reporters.JUnitReportReporter -->
<testsuite skipped="0" hostname="KODECORP" name="VF_Quote_Creation_And_Response.FTL_Quote_Buyer_Side_Calculations_Verification" tests="27" failures="0" timestamp="11 May 2020 11:59:47 GMT" time="190.453" errors="0">
  <testcase name="Browser" time="33.448" classname="VF_Quote_Creation_And_Response.FTL_Quote_Buyer_Side_Calculations_Verification"/>
  <testcase name="Buyer_Login" time="33.045" classname="VF_Quote_Creation_And_Response.FTL_Quote_Buyer_Side_Calculations_Verification"/>
  <testcase name="verify_buyer_login" time="0.045" classname="VF_Quote_Creation_And_Response.FTL_Quote_Buyer_Side_Calculations_Verification"/>
  <testcase name="Navigate_to_Create_Or_View_Page" time="5.268" classname="VF_Quote_Creation_And_Response.FTL_Quote_Buyer_Side_Calculations_Verification"/>
  <testcase name="Verify_Quote_in_Awarded_Tab" time="3.143" classname="VF_Quote_Creation_And_Response.FTL_Quote_Buyer_Side_Calculations_Verification"/>
  <testcase name="Open_Awarded_Quote" time="52.027" classname="VF_Quote_Creation_And_Response.FTL_Quote_Buyer_Side_Calculations_Verification"/>
  <testcase name="Verify_awarded_Quote_Status" time="0.107" classname="VF_Quote_Creation_And_Response.FTL_Quote_Buyer_Side_Calculations_Verification"/>
  <testcase name="Open_TandC_for_Awarded_Quote" time="0.231" classname="VF_Quote_Creation_And_Response.FTL_Quote_Buyer_Side_Calculations_Verification"/>
  <testcase name="Verify_FuelSurcharge_and_Accesorialfees_in_TandC_for_Awarded_Quote" time="27.514" classname="VF_Quote_Creation_And_Response.FTL_Quote_Buyer_Side_Calculations_Verification"/>
  <testcase name="verify_Tolls_data_on_tandc_for_Awarded_Quote" time="2.492" classname="VF_Quote_Creation_And_Response.FTL_Quote_Buyer_Side_Calculations_Verification"/>
  <testcase name="Verify_Freight_Per_Gallon_Values_in_TandC_for_Awarded_quote" time="0.596" classname="VF_Quote_Creation_And_Response.FTL_Quote_Buyer_Side_Calculations_Verification"/>
  <testcase name="Verify_Total_Charges_Frt_$_Per_Gall_in_TandC_for_Awarded_quote" time="0.517" classname="VF_Quote_Creation_And_Response.FTL_Quote_Buyer_Side_Calculations_Verification"/>
  <testcase name="Verify_$_Per_Period_Values_on_TandC_for_Awarded_quote" time="0.335" classname="VF_Quote_Creation_And_Response.FTL_Quote_Buyer_Side_Calculations_Verification"/>
  <testcase name="Verify_$_Per_del_Values_on_TandC_for_Awarded_quote" time="0.185" classname="VF_Quote_Creation_And_Response.FTL_Quote_Buyer_Side_Calculations_Verification"/>
  <testcase name="Verify_$_Per_Gal_Values_on_TandC_for_Awarded_quote" time="0.236" classname="VF_Quote_Creation_And_Response.FTL_Quote_Buyer_Side_Calculations_Verification"/>
  <testcase name="Verify_finaltotal_and_RankingBasis_Values_in_TandC_for_Awarded_quote_for_Awarded_Quote" time="5.603" classname="VF_Quote_Creation_And_Response.FTL_Quote_Buyer_Side_Calculations_Verification"/>
  <testcase name="Open_Workbench_for_Awarded_quote" time="0.452" classname="VF_Quote_Creation_And_Response.FTL_Quote_Buyer_Side_Calculations_Verification"/>
  <testcase name="Verify_Buyer_Calculations_on_Workbench_for_Awarded_quote" time="13.300" classname="VF_Quote_Creation_And_Response.FTL_Quote_Buyer_Side_Calculations_Verification"/>
  <testcase name="Verify_FuelSurcharge_and_Accesorialfees_in_Workbench_for_Awarded_quote" time="2.250" classname="VF_Quote_Creation_And_Response.FTL_Quote_Buyer_Side_Calculations_Verification"/>
  <testcase name="Verify_Tolls_in_Workbench_for_Awarded_quote" time="0.380" classname="VF_Quote_Creation_And_Response.FTL_Quote_Buyer_Side_Calculations_Verification"/>
  <testcase name="Verify_Freight_Per_Gallon_Values_in_WorkBench_for_Awarded_quote" time="0.689" classname="VF_Quote_Creation_And_Response.FTL_Quote_Buyer_Side_Calculations_Verification"/>
  <testcase name="Verify_Total_Charges_Frt_$_Per_Gall_in_Workbench_for_Awarded_quote" time="0.475" classname="VF_Quote_Creation_And_Response.FTL_Quote_Buyer_Side_Calculations_Verification"/>
  <testcase name="Verify_$_Per_Period_Values_on_Workbench_for_Awarded_quote" time="0.861" classname="VF_Quote_Creation_And_Response.FTL_Quote_Buyer_Side_Calculations_Verification"/>
  <testcase name="Verify_$_Per_del_Values_on_Workbench_for_Awarded_quote" time="0.279" classname="VF_Quote_Creation_And_Response.FTL_Quote_Buyer_Side_Calculations_Verification"/>
  <testcase name="Verify_$_Per_Gal_Values_on_Workbench_for_Awarded_quote" time="0.212" classname="VF_Quote_Creation_And_Response.FTL_Quote_Buyer_Side_Calculations_Verification"/>
  <testcase name="Close_Workbench_for_Awarded_quote" time="2.157" classname="VF_Quote_Creation_And_Response.FTL_Quote_Buyer_Side_Calculations_Verification"/>
  <testcase name="Veify_Buyer_Logout" time="4.606" classname="VF_Quote_Creation_And_Response.FTL_Quote_Buyer_Side_Calculations_Verification"/>
</testsuite> <!-- VF_Quote_Creation_And_Response.FTL_Quote_Buyer_Side_Calculations_Verification -->
