<?xml version="1.0" encoding="UTF-8"?>
<!-- Generated by org.testng.reporters.JUnitReportReporter -->
<testsuite skipped="0" hostname="Kiran-PC" name="VF_Quote_Creation_And_Response.FTL_Quote_Buyer_Side_Verification_Ranking_Basis_Per_Del" tests="51" failures="0" timestamp="27 May 2020 06:10:04 GMT" time="167.810" errors="0">
  <testcase name="Browser" time="7.783" classname="VF_Quote_Creation_And_Response.FTL_Quote_Buyer_Side_Verification_Ranking_Basis_Per_Del"/>
  <testcase name="Buyer_Login" time="21.238" classname="VF_Quote_Creation_And_Response.FTL_Quote_Buyer_Side_Verification_Ranking_Basis_Per_Del"/>
  <testcase name="verify_buyer_login" time="0.062" classname="VF_Quote_Creation_And_Response.FTL_Quote_Buyer_Side_Verification_Ranking_Basis_Per_Del"/>
  <testcase name="Navigate_to_Create_Or_View_Page" time="4.970" classname="VF_Quote_Creation_And_Response.FTL_Quote_Buyer_Side_Verification_Ranking_Basis_Per_Del"/>
  <testcase name="Open_Quote_In_Active_Tab" time="9.936" classname="VF_Quote_Creation_And_Response.FTL_Quote_Buyer_Side_Verification_Ranking_Basis_Per_Del"/>
  <testcase name="Verify_Page_Navigated_To_Delivery_Location" time="4.835" classname="VF_Quote_Creation_And_Response.FTL_Quote_Buyer_Side_Verification_Ranking_Basis_Per_Del"/>
  <testcase name="Open_Delivery_Location_list" time="0.055" classname="VF_Quote_Creation_And_Response.FTL_Quote_Buyer_Side_Verification_Ranking_Basis_Per_Del"/>
  <testcase name="Verify_Page_Is_Navigated_To_Manage_Rounds" time="9.584" classname="VF_Quote_Creation_And_Response.FTL_Quote_Buyer_Side_Verification_Ranking_Basis_Per_Del"/>
  <testcase name="Open_View_in_TandC" time="0.173" classname="VF_Quote_Creation_And_Response.FTL_Quote_Buyer_Side_Verification_Ranking_Basis_Per_Del"/>
  <testcase name="Verify_FuelSurcharge_and_Accessorial_Service_Fees_Per_Delivery_in_TandC" time="6.130" classname="VF_Quote_Creation_And_Response.FTL_Quote_Buyer_Side_Verification_Ranking_Basis_Per_Del"/>
  <testcase name="verify_Tolls_data_on_tandc" time="2.237" classname="VF_Quote_Creation_And_Response.FTL_Quote_Buyer_Side_Verification_Ranking_Basis_Per_Del"/>
  <testcase name="Verify_Freight_Per_Gallon_Values_in_TandC" time="0.587" classname="VF_Quote_Creation_And_Response.FTL_Quote_Buyer_Side_Verification_Ranking_Basis_Per_Del"/>
  <testcase name="Verify_Total_Charges_Frt_$_Per_Gall_in_TandC" time="0.562" classname="VF_Quote_Creation_And_Response.FTL_Quote_Buyer_Side_Verification_Ranking_Basis_Per_Del"/>
  <testcase name="Verify_$_Per_Period_Values_on_TandC" time="0.260" classname="VF_Quote_Creation_And_Response.FTL_Quote_Buyer_Side_Verification_Ranking_Basis_Per_Del"/>
  <testcase name="Verify_$_Per_del_Values_on_TandC" time="0.183" classname="VF_Quote_Creation_And_Response.FTL_Quote_Buyer_Side_Verification_Ranking_Basis_Per_Del"/>
  <testcase name="Verify_$_Per_Gal_Values_on_TandC" time="0.194" classname="VF_Quote_Creation_And_Response.FTL_Quote_Buyer_Side_Verification_Ranking_Basis_Per_Del"/>
  <testcase name="Verify_finaltotal_and_RankingBasis_Values_in_TandC" time="5.335" classname="VF_Quote_Creation_And_Response.FTL_Quote_Buyer_Side_Verification_Ranking_Basis_Per_Del"/>
  <testcase name="Open_Workbench" time="0.128" classname="VF_Quote_Creation_And_Response.FTL_Quote_Buyer_Side_Verification_Ranking_Basis_Per_Del"/>
  <testcase name="Verify_Buyer_Calculations_on_Workbench" time="11.754" classname="VF_Quote_Creation_And_Response.FTL_Quote_Buyer_Side_Verification_Ranking_Basis_Per_Del"/>
  <testcase name="Verify_FuelSurcharge_and_Accesorialfees_in_Workbench" time="2.154" classname="VF_Quote_Creation_And_Response.FTL_Quote_Buyer_Side_Verification_Ranking_Basis_Per_Del"/>
  <testcase name="Verify_Tolls_in_Workbench" time="0.217" classname="VF_Quote_Creation_And_Response.FTL_Quote_Buyer_Side_Verification_Ranking_Basis_Per_Del"/>
  <testcase name="Verify_Freight_Per_Gallon_Values_in_WorkBench" time="0.574" classname="VF_Quote_Creation_And_Response.FTL_Quote_Buyer_Side_Verification_Ranking_Basis_Per_Del"/>
  <testcase name="Verify_Total_Charges_Frt_$_Per_Gall_in_Workbench" time="0.568" classname="VF_Quote_Creation_And_Response.FTL_Quote_Buyer_Side_Verification_Ranking_Basis_Per_Del"/>
  <testcase name="Verify_$_Per_Period_Values_on_Workbench" time="0.684" classname="VF_Quote_Creation_And_Response.FTL_Quote_Buyer_Side_Verification_Ranking_Basis_Per_Del"/>
  <testcase name="Verify_$_Per_del_Values_on_Workbench" time="0.193" classname="VF_Quote_Creation_And_Response.FTL_Quote_Buyer_Side_Verification_Ranking_Basis_Per_Del"/>
  <testcase name="Verify_$_Per_Gal_Values_on_Workbench" time="0.283" classname="VF_Quote_Creation_And_Response.FTL_Quote_Buyer_Side_Verification_Ranking_Basis_Per_Del"/>
  <testcase name="Close_Workbench" time="2.161" classname="VF_Quote_Creation_And_Response.FTL_Quote_Buyer_Side_Verification_Ranking_Basis_Per_Del"/>
  <testcase name="Award_Quote" time="24.274" classname="VF_Quote_Creation_And_Response.FTL_Quote_Buyer_Side_Verification_Ranking_Basis_Per_Del"/>
  <testcase name="Verify_Quote_in_Awarded_Tab" time="5.557" classname="VF_Quote_Creation_And_Response.FTL_Quote_Buyer_Side_Verification_Ranking_Basis_Per_Del"/>
  <testcase name="Open_Awarded_Quote" time="7.576" classname="VF_Quote_Creation_And_Response.FTL_Quote_Buyer_Side_Verification_Ranking_Basis_Per_Del"/>
  <testcase name="Verify_awarded_Quote_Status" time="0.061" classname="VF_Quote_Creation_And_Response.FTL_Quote_Buyer_Side_Verification_Ranking_Basis_Per_Del"/>
  <testcase name="Open_TandC_for_Awarded_Quote" time="0.117" classname="VF_Quote_Creation_And_Response.FTL_Quote_Buyer_Side_Verification_Ranking_Basis_Per_Del"/>
  <testcase name="Verify_FuelSurcharge_and_Accesorialfees_in_TandC_for_Awarded_Quote" time="6.007" classname="VF_Quote_Creation_And_Response.FTL_Quote_Buyer_Side_Verification_Ranking_Basis_Per_Del"/>
  <testcase name="verify_Tolls_data_on_tandc_for_Awarded_Quote" time="2.314" classname="VF_Quote_Creation_And_Response.FTL_Quote_Buyer_Side_Verification_Ranking_Basis_Per_Del"/>
  <testcase name="Verify_Freight_Per_Gallon_Values_in_TandC_for_Awarded_quote" time="0.669" classname="VF_Quote_Creation_And_Response.FTL_Quote_Buyer_Side_Verification_Ranking_Basis_Per_Del"/>
  <testcase name="Verify_Total_Charges_Frt_$_Per_Gall_in_TandC_for_Awarded_quote" time="0.548" classname="VF_Quote_Creation_And_Response.FTL_Quote_Buyer_Side_Verification_Ranking_Basis_Per_Del"/>
  <testcase name="Verify_$_Per_Period_Values_on_TandC_for_Awarded_quote" time="0.225" classname="VF_Quote_Creation_And_Response.FTL_Quote_Buyer_Side_Verification_Ranking_Basis_Per_Del"/>
  <testcase name="Verify_$_Per_del_Values_on_TandC_for_Awarded_quote" time="0.217" classname="VF_Quote_Creation_And_Response.FTL_Quote_Buyer_Side_Verification_Ranking_Basis_Per_Del"/>
  <testcase name="Verify_$_Per_Gal_Values_on_TandC_for_Awarded_quote" time="0.231" classname="VF_Quote_Creation_And_Response.FTL_Quote_Buyer_Side_Verification_Ranking_Basis_Per_Del"/>
  <testcase name="Verify_finaltotal_and_RankingBasis_Values_in_TandC_for_Awarded_quote_for_Awarded_Quote" time="5.488" classname="VF_Quote_Creation_And_Response.FTL_Quote_Buyer_Side_Verification_Ranking_Basis_Per_Del"/>
  <testcase name="Open_Workbench_for_Awarded_quote" time="0.168" classname="VF_Quote_Creation_And_Response.FTL_Quote_Buyer_Side_Verification_Ranking_Basis_Per_Del"/>
  <testcase name="Verify_Buyer_Calculations_on_Workbench_for_Awarded_quote" time="10.413" classname="VF_Quote_Creation_And_Response.FTL_Quote_Buyer_Side_Verification_Ranking_Basis_Per_Del"/>
  <testcase name="Verify_FuelSurcharge_and_Accesorialfees_in_Workbench_for_Awarded_quote" time="2.184" classname="VF_Quote_Creation_And_Response.FTL_Quote_Buyer_Side_Verification_Ranking_Basis_Per_Del"/>
  <testcase name="Verify_Tolls_in_Workbench_for_Awarded_quote" time="0.161" classname="VF_Quote_Creation_And_Response.FTL_Quote_Buyer_Side_Verification_Ranking_Basis_Per_Del"/>
  <testcase name="Verify_Freight_Per_Gallon_Values_in_WorkBench_for_Awarded_quote" time="0.788" classname="VF_Quote_Creation_And_Response.FTL_Quote_Buyer_Side_Verification_Ranking_Basis_Per_Del"/>
  <testcase name="Verify_Total_Charges_Frt_$_Per_Gall_in_Workbench_for_Awarded_quote" time="0.755" classname="VF_Quote_Creation_And_Response.FTL_Quote_Buyer_Side_Verification_Ranking_Basis_Per_Del"/>
  <testcase name="Verify_$_Per_Period_Values_on_Workbench_for_Awarded_quote" time="0.701" classname="VF_Quote_Creation_And_Response.FTL_Quote_Buyer_Side_Verification_Ranking_Basis_Per_Del"/>
  <testcase name="Verify_$_Per_del_Values_on_Workbench_for_Awarded_quote" time="0.347" classname="VF_Quote_Creation_And_Response.FTL_Quote_Buyer_Side_Verification_Ranking_Basis_Per_Del"/>
  <testcase name="Verify_$_Per_Gal_Values_on_Workbench_for_Awarded_quote" time="0.237" classname="VF_Quote_Creation_And_Response.FTL_Quote_Buyer_Side_Verification_Ranking_Basis_Per_Del"/>
  <testcase name="Close_Workbench_for_Awarded_quote" time="2.171" classname="VF_Quote_Creation_And_Response.FTL_Quote_Buyer_Side_Verification_Ranking_Basis_Per_Del"/>
  <testcase name="Veify_Buyer_Logout" time="3.761" classname="VF_Quote_Creation_And_Response.FTL_Quote_Buyer_Side_Verification_Ranking_Basis_Per_Del"/>
</testsuite> <!-- VF_Quote_Creation_And_Response.FTL_Quote_Buyer_Side_Verification_Ranking_Basis_Per_Del -->
