<?xml version="1.0" encoding="UTF-8"?>
<!-- Generated by org.testng.reporters.JUnitReportReporter -->
<testsuite skipped="0" hostname="Kiran-PC" name="VF_Quote_Creation_And_Response.LTL_Quote_Creation_Buyer_Ranking_Basis_Per_Del" tests="14" failures="0" timestamp="25 May 2020 14:55:42 GMT" time="128.735" errors="0">
  <testcase name="Browser" time="8.274" classname="VF_Quote_Creation_And_Response.LTL_Quote_Creation_Buyer_Ranking_Basis_Per_Del"/>
  <testcase name="Buyer_Login" time="9.495" classname="VF_Quote_Creation_And_Response.LTL_Quote_Creation_Buyer_Ranking_Basis_Per_Del"/>
  <testcase name="verify_buyer_login" time="0.566" classname="VF_Quote_Creation_And_Response.LTL_Quote_Creation_Buyer_Ranking_Basis_Per_Del"/>
  <testcase name="Navigate_to_Create_Or_View_Page" time="4.873" classname="VF_Quote_Creation_And_Response.LTL_Quote_Creation_Buyer_Ranking_Basis_Per_Del"/>
  <testcase name="Enter_Details_In_Create_Quote" time="5.747" classname="VF_Quote_Creation_And_Response.LTL_Quote_Creation_Buyer_Ranking_Basis_Per_Del"/>
  <testcase name="Select_Division_And_Delivery_Location" time="6.231" classname="VF_Quote_Creation_And_Response.LTL_Quote_Creation_Buyer_Ranking_Basis_Per_Del"/>
  <testcase name="Open_Modify" time="7.099" classname="VF_Quote_Creation_And_Response.LTL_Quote_Creation_Buyer_Ranking_Basis_Per_Del"/>
  <testcase name="Enter_Details_In_Tand" time="42.120" classname="VF_Quote_Creation_And_Response.LTL_Quote_Creation_Buyer_Ranking_Basis_Per_Del"/>
  <testcase name="Select_Payment_and_Service_Schedule_Pattern_in_TandC" time="6.814" classname="VF_Quote_Creation_And_Response.LTL_Quote_Creation_Buyer_Ranking_Basis_Per_Del"/>
  <testcase name="Quote_Save_As_Draft" time="6.935" classname="VF_Quote_Creation_And_Response.LTL_Quote_Creation_Buyer_Ranking_Basis_Per_Del"/>
  <testcase name="Select_Sellers_for_Draft_Quote" time="14.162" classname="VF_Quote_Creation_And_Response.LTL_Quote_Creation_Buyer_Ranking_Basis_Per_Del"/>
  <testcase name="Save_And_Send_Draft_Quote" time="7.626" classname="VF_Quote_Creation_And_Response.LTL_Quote_Creation_Buyer_Ranking_Basis_Per_Del"/>
  <testcase name="Verify_Save_And_Send_Quote_in_Active_tab" time="5.044" classname="VF_Quote_Creation_And_Response.LTL_Quote_Creation_Buyer_Ranking_Basis_Per_Del"/>
  <testcase name="Logout_Buyer" time="3.749" classname="VF_Quote_Creation_And_Response.LTL_Quote_Creation_Buyer_Ranking_Basis_Per_Del"/>
</testsuite> <!-- VF_Quote_Creation_And_Response.LTL_Quote_Creation_Buyer_Ranking_Basis_Per_Del -->
