<?xml version="1.0" encoding="UTF-8"?>
<!-- Generated by org.testng.reporters.JUnitReportReporter -->
<testsuite skipped="0" hostname="Kiran-PC" name="VF_Quote_Creation_And_Response.LTL_Quote_Seller_Response_Ranking_Basis_$_Per_Gal" tests="29" failures="0" timestamp="18 May 2020 10:44:03 GMT" time="160.348" errors="0">
  <testcase name="Open_Browser" time="10.843" classname="VF_Quote_Creation_And_Response.LTL_Quote_Seller_Response_Ranking_Basis_$_Per_Gal"/>
  <testcase name="Seller_Login" time="25.799" classname="VF_Quote_Creation_And_Response.LTL_Quote_Seller_Response_Ranking_Basis_$_Per_Gal"/>
  <testcase name="verify_Seller_login" time="0.735" classname="VF_Quote_Creation_And_Response.LTL_Quote_Seller_Response_Ranking_Basis_$_Per_Gal"/>
  <testcase name="Navigate_to_Review_Quote" time="24.160" classname="VF_Quote_Creation_And_Response.LTL_Quote_Seller_Response_Ranking_Basis_$_Per_Gal"/>
  <testcase name="Seller_New_Quote_Search" time="14.418" classname="VF_Quote_Creation_And_Response.LTL_Quote_Seller_Response_Ranking_Basis_$_Per_Gal"/>
  <testcase name="Verify_Quote_status_as_NEW" time="0.140" classname="VF_Quote_Creation_And_Response.LTL_Quote_Seller_Response_Ranking_Basis_$_Per_Gal"/>
  <testcase name="Enter_Delivery_Flat_Fee_And_freight_$_per_gal_in_Quick_response_grid" time="0.888" classname="VF_Quote_Creation_And_Response.LTL_Quote_Seller_Response_Ranking_Basis_$_Per_Gal"/>
  <testcase name="Verify_Quote_status_as_HoldAsDraft" time="0.088" classname="VF_Quote_Creation_And_Response.LTL_Quote_Seller_Response_Ranking_Basis_$_Per_Gal"/>
  <testcase name="Enter_valid_Margin_$_Per_Gal" time="0.619" classname="VF_Quote_Creation_And_Response.LTL_Quote_Seller_Response_Ranking_Basis_$_Per_Gal"/>
  <testcase name="Select_OPIS_State_And_City" time="9.475" classname="VF_Quote_Creation_And_Response.LTL_Quote_Seller_Response_Ranking_Basis_$_Per_Gal"/>
  <testcase name="Set_Product_Category_Values" time="0.882" classname="VF_Quote_Creation_And_Response.LTL_Quote_Seller_Response_Ranking_Basis_$_Per_Gal"/>
  <testcase name="Save_Response_in_Quick_Response" time="4.304" classname="VF_Quote_Creation_And_Response.LTL_Quote_Seller_Response_Ranking_Basis_$_Per_Gal"/>
  <testcase name="Verify_Quote_status_as_ReadytoSubmit" time="0.199" classname="VF_Quote_Creation_And_Response.LTL_Quote_Seller_Response_Ranking_Basis_$_Per_Gal"/>
  <testcase name="Verify_Delivery_Flat_Fee_for_Seller_Freight_Rates_In_TandC" time="13.354" classname="VF_Quote_Creation_And_Response.LTL_Quote_Seller_Response_Ranking_Basis_$_Per_Gal"/>
  <testcase name="Verify_Freight_And_Margin_$_Per_Gallon_for_Seller_Freight_Rates_In_TandC" time="0.220" classname="VF_Quote_Creation_And_Response.LTL_Quote_Seller_Response_Ranking_Basis_$_Per_Gal"/>
  <testcase name="Retrieve_$_Per_Del_Values_From_TandC" time="0.433" classname="VF_Quote_Creation_And_Response.LTL_Quote_Seller_Response_Ranking_Basis_$_Per_Gal"/>
  <testcase name="Retrieve_$_Per_Gal_Values_From_TandC" time="0.371" classname="VF_Quote_Creation_And_Response.LTL_Quote_Seller_Response_Ranking_Basis_$_Per_Gal"/>
  <testcase name="Retrieve_$_Per_Period_Values_From_TandC" time="0.503" classname="VF_Quote_Creation_And_Response.LTL_Quote_Seller_Response_Ranking_Basis_$_Per_Gal"/>
  <testcase name="Verify_Delivery_Flat_Fee_for_Seller_Freight_Rates_In_Workbench" time="2.834" classname="VF_Quote_Creation_And_Response.LTL_Quote_Seller_Response_Ranking_Basis_$_Per_Gal"/>
  <testcase name="Verify_Freight_And_Margin_$_Per_Gallon_for_Seller_Freight_Rates_In_Workbench" time="0.212" classname="VF_Quote_Creation_And_Response.LTL_Quote_Seller_Response_Ranking_Basis_$_Per_Gal"/>
  <testcase name="Verify_$_Per_Del_Values_in_Workbench" time="0.212" classname="VF_Quote_Creation_And_Response.LTL_Quote_Seller_Response_Ranking_Basis_$_Per_Gal"/>
  <testcase name="Verify_$_Per_Gal_Values_in_Workbench" time="0.203" classname="VF_Quote_Creation_And_Response.LTL_Quote_Seller_Response_Ranking_Basis_$_Per_Gal"/>
  <testcase name="Verify_$_Per_Period_Values_in_Workbench" time="0.216" classname="VF_Quote_Creation_And_Response.LTL_Quote_Seller_Response_Ranking_Basis_$_Per_Gal"/>
  <testcase name="check_Publish_To_Buyer_Calculator" time="2.688" classname="VF_Quote_Creation_And_Response.LTL_Quote_Seller_Response_Ranking_Basis_$_Per_Gal"/>
  <testcase name="Get_Values_from_Buyer_Calculator" time="1.309" classname="VF_Quote_Creation_And_Response.LTL_Quote_Seller_Response_Ranking_Basis_$_Per_Gal"/>
  <testcase name="Verify_finaltotal_and_RankingBasis_Values" time="11.597" classname="VF_Quote_Creation_And_Response.LTL_Quote_Seller_Response_Ranking_Basis_$_Per_Gal"/>
  <testcase name="Submit_response" time="7.943" classname="VF_Quote_Creation_And_Response.LTL_Quote_Seller_Response_Ranking_Basis_$_Per_Gal"/>
  <testcase name="verify_Submitted_quote_in_Active" time="23.420" classname="VF_Quote_Creation_And_Response.LTL_Quote_Seller_Response_Ranking_Basis_$_Per_Gal"/>
  <testcase name="Logout_seller" time="2.283" classname="VF_Quote_Creation_And_Response.LTL_Quote_Seller_Response_Ranking_Basis_$_Per_Gal"/>
</testsuite> <!-- VF_Quote_Creation_And_Response.LTL_Quote_Seller_Response_Ranking_Basis_$_Per_Gal -->
