<?xml version="1.0" encoding="UTF-8"?>
<!-- Generated by org.testng.reporters.JUnitReportReporter -->
<testsuite skipped="0" hostname="KODECORP" name="Vf_QuoteCreation_Buyer_Login.Buyer_QuoteCreation" tests="8" failures="0" timestamp="23 Apr 2020 06:50:14 GMT" time="136.605" errors="0">
  <testcase name="Browser" time="16.061" classname="Vf_QuoteCreation_Buyer_Login.Buyer_QuoteCreation"/>
  <testcase name="Login" time="10.853" classname="Vf_QuoteCreation_Buyer_Login.Buyer_QuoteCreation"/>
  <testcase name="verify_buyer_login" time="0.851" classname="Vf_QuoteCreation_Buyer_Login.Buyer_QuoteCreation"/>
  <testcase name="Navigate_to_Create_Or_View_Page" time="5.755" classname="Vf_QuoteCreation_Buyer_Login.Buyer_QuoteCreation"/>
  <testcase name="Draft_Quote" time="62.527" classname="Vf_QuoteCreation_Buyer_Login.Buyer_QuoteCreation"/>
  <testcase name="Quote_Save_And_Send" time="28.237" classname="Vf_QuoteCreation_Buyer_Login.Buyer_QuoteCreation"/>
  <testcase name="Verify_Active_Quotes" time="7.752" classname="Vf_QuoteCreation_Buyer_Login.Buyer_QuoteCreation"/>
  <testcase name="Logout_Buyer" time="4.569" classname="Vf_QuoteCreation_Buyer_Login.Buyer_QuoteCreation"/>
</testsuite> <!-- Vf_QuoteCreation_Buyer_Login.Buyer_QuoteCreation -->
