<?xml version="1.0" encoding="UTF-8"?>
<!-- Generated by org.testng.reporters.JUnitReportReporter -->
<testsuite skipped="0" hostname="Kiran-PC" name="VF_Quote_Creation_And_Response.LTL_Quote_Creation_Buyer_Ranking_Basis_Per_Gal" tests="14" failures="0" timestamp="25 May 2020 14:55:42 GMT" time="128.299" errors="0">
  <testcase name="Browser" time="7.282" classname="VF_Quote_Creation_And_Response.LTL_Quote_Creation_Buyer_Ranking_Basis_Per_Gal"/>
  <testcase name="Buyer_Login" time="10.792" classname="VF_Quote_Creation_And_Response.LTL_Quote_Creation_Buyer_Ranking_Basis_Per_Gal"/>
  <testcase name="verify_buyer_login" time="1.214" classname="VF_Quote_Creation_And_Response.LTL_Quote_Creation_Buyer_Ranking_Basis_Per_Gal"/>
  <testcase name="Navigate_to_Create_Or_View_Page" time="4.996" classname="VF_Quote_Creation_And_Response.LTL_Quote_Creation_Buyer_Ranking_Basis_Per_Gal"/>
  <testcase name="Enter_Details_In_Create_Quote" time="5.651" classname="VF_Quote_Creation_And_Response.LTL_Quote_Creation_Buyer_Ranking_Basis_Per_Gal"/>
  <testcase name="Select_Division_And_Delivery_Location" time="6.240" classname="VF_Quote_Creation_And_Response.LTL_Quote_Creation_Buyer_Ranking_Basis_Per_Gal"/>
  <testcase name="Open_Modify" time="7.204" classname="VF_Quote_Creation_And_Response.LTL_Quote_Creation_Buyer_Ranking_Basis_Per_Gal"/>
  <testcase name="Enter_Details_In_Tand" time="41.614" classname="VF_Quote_Creation_And_Response.LTL_Quote_Creation_Buyer_Ranking_Basis_Per_Gal"/>
  <testcase name="Select_Payment_and_Service_Schedule_Pattern_in_TandC" time="6.724" classname="VF_Quote_Creation_And_Response.LTL_Quote_Creation_Buyer_Ranking_Basis_Per_Gal"/>
  <testcase name="Quote_Save_As_Draft" time="6.388" classname="VF_Quote_Creation_And_Response.LTL_Quote_Creation_Buyer_Ranking_Basis_Per_Gal"/>
  <testcase name="Select_Sellers_for_Draft_Quote" time="13.973" classname="VF_Quote_Creation_And_Response.LTL_Quote_Creation_Buyer_Ranking_Basis_Per_Gal"/>
  <testcase name="Save_And_Send_Draft_Quote" time="7.614" classname="VF_Quote_Creation_And_Response.LTL_Quote_Creation_Buyer_Ranking_Basis_Per_Gal"/>
  <testcase name="Verify_Save_And_Send_Quote_in_Active_tab" time="4.914" classname="VF_Quote_Creation_And_Response.LTL_Quote_Creation_Buyer_Ranking_Basis_Per_Gal"/>
  <testcase name="Logout_Buyer" time="3.693" classname="VF_Quote_Creation_And_Response.LTL_Quote_Creation_Buyer_Ranking_Basis_Per_Gal"/>
</testsuite> <!-- VF_Quote_Creation_And_Response.LTL_Quote_Creation_Buyer_Ranking_Basis_Per_Gal -->
