<?xml version="1.0" encoding="UTF-8"?>
<!-- Generated by org.testng.reporters.JUnitReportReporter -->
<testsuite skipped="0" hostname="Kiran-PC" name="VF_Quote_Creation_And_Response.LTL_Quote_Seller_Response" tests="29" failures="0" timestamp="18 May 2020 10:27:34 GMT" time="200.708" errors="0">
  <testcase name="Open_Browser" time="39.960" classname="VF_Quote_Creation_And_Response.LTL_Quote_Seller_Response"/>
  <testcase name="Seller_Login" time="26.809" classname="VF_Quote_Creation_And_Response.LTL_Quote_Seller_Response"/>
  <testcase name="verify_Seller_login" time="0.598" classname="VF_Quote_Creation_And_Response.LTL_Quote_Seller_Response"/>
  <testcase name="Navigate_to_Review_Quote" time="21.033" classname="VF_Quote_Creation_And_Response.LTL_Quote_Seller_Response"/>
  <testcase name="Seller_New_Quote_Search" time="16.126" classname="VF_Quote_Creation_And_Response.LTL_Quote_Seller_Response"/>
  <testcase name="Verify_Quote_status_as_NEW" time="0.079" classname="VF_Quote_Creation_And_Response.LTL_Quote_Seller_Response"/>
  <testcase name="Enter_Delivery_Flat_Fee_And_freight_$_per_gal_in_Quick_response_grid" time="0.895" classname="VF_Quote_Creation_And_Response.LTL_Quote_Seller_Response"/>
  <testcase name="Verify_Quote_status_as_HoldAsDraft" time="0.108" classname="VF_Quote_Creation_And_Response.LTL_Quote_Seller_Response"/>
  <testcase name="Enter_valid_Margin_$_Per_Gal" time="0.587" classname="VF_Quote_Creation_And_Response.LTL_Quote_Seller_Response"/>
  <testcase name="Select_OPIS_State_And_City" time="9.506" classname="VF_Quote_Creation_And_Response.LTL_Quote_Seller_Response"/>
  <testcase name="Set_Product_Category_Values" time="0.798" classname="VF_Quote_Creation_And_Response.LTL_Quote_Seller_Response"/>
  <testcase name="Save_Response_in_Quick_Response" time="4.345" classname="VF_Quote_Creation_And_Response.LTL_Quote_Seller_Response"/>
  <testcase name="Verify_Quote_status_as_ReadytoSubmit" time="0.121" classname="VF_Quote_Creation_And_Response.LTL_Quote_Seller_Response"/>
  <testcase name="Verify_Delivery_Flat_Fee_for_Seller_Freight_Rates_In_TandC" time="24.258" classname="VF_Quote_Creation_And_Response.LTL_Quote_Seller_Response"/>
  <testcase name="Verify_Freight_And_Margin_$_Per_Gallon_for_Seller_Freight_Rates_In_TandC" time="0.224" classname="VF_Quote_Creation_And_Response.LTL_Quote_Seller_Response"/>
  <testcase name="Retrieve_$_Per_Del_Values_From_TandC" time="0.440" classname="VF_Quote_Creation_And_Response.LTL_Quote_Seller_Response"/>
  <testcase name="Retrieve_$_Per_Gal_Values_From_TandC" time="0.385" classname="VF_Quote_Creation_And_Response.LTL_Quote_Seller_Response"/>
  <testcase name="Retrieve_$_Per_Period_Values_From_TandC" time="0.290" classname="VF_Quote_Creation_And_Response.LTL_Quote_Seller_Response"/>
  <testcase name="Verify_Delivery_Flat_Fee_for_Seller_Freight_Rates_In_Workbench" time="2.810" classname="VF_Quote_Creation_And_Response.LTL_Quote_Seller_Response"/>
  <testcase name="Verify_Freight_And_Margin_$_Per_Gallon_for_Seller_Freight_Rates_In_Workbench" time="0.203" classname="VF_Quote_Creation_And_Response.LTL_Quote_Seller_Response"/>
  <testcase name="Verify_$_Per_Del_Values_in_Workbench" time="0.220" classname="VF_Quote_Creation_And_Response.LTL_Quote_Seller_Response"/>
  <testcase name="Verify_$_Per_Gal_Values_in_Workbench" time="0.220" classname="VF_Quote_Creation_And_Response.LTL_Quote_Seller_Response"/>
  <testcase name="Verify_$_Per_Period_Values_in_Workbench" time="0.196" classname="VF_Quote_Creation_And_Response.LTL_Quote_Seller_Response"/>
  <testcase name="check_Publish_To_Buyer_Calculator" time="2.596" classname="VF_Quote_Creation_And_Response.LTL_Quote_Seller_Response"/>
  <testcase name="Get_Values_from_Buyer_Calculator" time="1.303" classname="VF_Quote_Creation_And_Response.LTL_Quote_Seller_Response"/>
  <testcase name="Verify_finaltotal_and_RankingBasis_Values" time="12.150" classname="VF_Quote_Creation_And_Response.LTL_Quote_Seller_Response"/>
  <testcase name="Submit_response" time="7.177" classname="VF_Quote_Creation_And_Response.LTL_Quote_Seller_Response"/>
  <testcase name="verify_Submitted_quote_in_Active" time="24.799" classname="VF_Quote_Creation_And_Response.LTL_Quote_Seller_Response"/>
  <testcase name="Logout_seller" time="2.472" classname="VF_Quote_Creation_And_Response.LTL_Quote_Seller_Response"/>
</testsuite> <!-- VF_Quote_Creation_And_Response.LTL_Quote_Seller_Response -->
