<?xml version="1.0" encoding="UTF-8"?>
<!-- Generated by org.testng.reporters.JUnitReportReporter -->
<testsuite skipped="0" hostname="KODECORP" name="VF_Quote_Creation_And_Response.FTL_Quote_Creation_Buyer" tests="8" failures="0" timestamp="04 May 2020 16:21:37 GMT" time="164.786" errors="0">
  <testcase name="Open_Browser" time="13.822" classname="VF_Quote_Creation_And_Response.FTL_Quote_Creation_Buyer"/>
  <testcase name="Buyer_Login" time="10.498" classname="VF_Quote_Creation_And_Response.FTL_Quote_Creation_Buyer"/>
  <testcase name="verify_buyer_login" time="0.781" classname="VF_Quote_Creation_And_Response.FTL_Quote_Creation_Buyer"/>
  <testcase name="Navigate_to_Create_Or_View_Page" time="5.380" classname="VF_Quote_Creation_And_Response.FTL_Quote_Creation_Buyer"/>
  <testcase name="Save_Quote_As_Draft" time="96.296" classname="VF_Quote_Creation_And_Response.FTL_Quote_Creation_Buyer"/>
  <testcase name="Quote_Save_And_Send" time="26.737" classname="VF_Quote_Creation_And_Response.FTL_Quote_Creation_Buyer"/>
  <testcase name="Verify_Save_And_Send_Quote_In_Active_Quotes" time="7.486" classname="VF_Quote_Creation_And_Response.FTL_Quote_Creation_Buyer"/>
  <testcase name="Veify_Buyer_Logout" time="3.786" classname="VF_Quote_Creation_And_Response.FTL_Quote_Creation_Buyer"/>
</testsuite> <!-- VF_Quote_Creation_And_Response.FTL_Quote_Creation_Buyer -->
