<?xml version="1.0" encoding="UTF-8"?>
<!-- Generated by org.testng.reporters.JUnitReportReporter -->
<testsuite skipped="0" hostname="Kiran-PC" name="VF_Quote_Creation_And_Response.FTL_Quote_Creation_Buyer_Ranking_Basis_Per_Del" tests="13" failures="0" timestamp="27 May 2020 06:10:04 GMT" time="173.749" errors="0">
  <testcase name="Browser" time="16.821" classname="VF_Quote_Creation_And_Response.FTL_Quote_Creation_Buyer_Ranking_Basis_Per_Del"/>
  <testcase name="Buyer_Login" time="13.596" classname="VF_Quote_Creation_And_Response.FTL_Quote_Creation_Buyer_Ranking_Basis_Per_Del"/>
  <testcase name="verify_buyer_login" time="0.634" classname="VF_Quote_Creation_And_Response.FTL_Quote_Creation_Buyer_Ranking_Basis_Per_Del"/>
  <testcase name="Navigate_to_Create_Or_View_Page" time="5.772" classname="VF_Quote_Creation_And_Response.FTL_Quote_Creation_Buyer_Ranking_Basis_Per_Del"/>
  <testcase name="Enter_Details_In_Create_Quote" time="6.094" classname="VF_Quote_Creation_And_Response.FTL_Quote_Creation_Buyer_Ranking_Basis_Per_Del"/>
  <testcase name="Select_Division_And_Delivery_Location" time="10.381" classname="VF_Quote_Creation_And_Response.FTL_Quote_Creation_Buyer_Ranking_Basis_Per_Del"/>
  <testcase name="Open_Modify" time="7.118" classname="VF_Quote_Creation_And_Response.FTL_Quote_Creation_Buyer_Ranking_Basis_Per_Del"/>
  <testcase name="Enter_Details_In_Tand" time="63.216" classname="VF_Quote_Creation_And_Response.FTL_Quote_Creation_Buyer_Ranking_Basis_Per_Del"/>
  <testcase name="Quote_Save_As_Draft" time="8.939" classname="VF_Quote_Creation_And_Response.FTL_Quote_Creation_Buyer_Ranking_Basis_Per_Del"/>
  <testcase name="Select_Sellers_For_Quote" time="18.615" classname="VF_Quote_Creation_And_Response.FTL_Quote_Creation_Buyer_Ranking_Basis_Per_Del"/>
  <testcase name="Save_And_Send_Quote_To_Seller" time="9.768" classname="VF_Quote_Creation_And_Response.FTL_Quote_Creation_Buyer_Ranking_Basis_Per_Del"/>
  <testcase name="Verify_Save_And_Send_Quote_In_Active_Quotes" time="9.084" classname="VF_Quote_Creation_And_Response.FTL_Quote_Creation_Buyer_Ranking_Basis_Per_Del"/>
  <testcase name="Veify_Buyer_Logout" time="3.711" classname="VF_Quote_Creation_And_Response.FTL_Quote_Creation_Buyer_Ranking_Basis_Per_Del"/>
</testsuite> <!-- VF_Quote_Creation_And_Response.FTL_Quote_Creation_Buyer_Ranking_Basis_Per_Del -->
