<?xml version="1.0" encoding="UTF-8"?>
<!-- Generated by org.testng.reporters.JUnitReportReporter -->
<testsuite skipped="0" hostname="KODECORP" name="VF_Quote_Creation_And_Response.FTL_Quote_Seller_Response" tests="31" failures="0" timestamp="04 May 2020 16:21:37 GMT" time="156.696" errors="0">
  <testcase name="Open_Browser" time="11.870" classname="VF_Quote_Creation_And_Response.FTL_Quote_Seller_Response"/>
  <testcase name="Seller_Login" time="7.882" classname="VF_Quote_Creation_And_Response.FTL_Quote_Seller_Response"/>
  <testcase name="verify_Seller_login" time="1.246" classname="VF_Quote_Creation_And_Response.FTL_Quote_Seller_Response"/>
  <testcase name="Navigate_to_Review_Quote" time="7.637" classname="VF_Quote_Creation_And_Response.FTL_Quote_Seller_Response"/>
  <testcase name="Seller_New_Quote_Search" time="14.232" classname="VF_Quote_Creation_And_Response.FTL_Quote_Seller_Response"/>
  <testcase name="Verify_Quote_status_as_NEW" time="0.632" classname="VF_Quote_Creation_And_Response.FTL_Quote_Seller_Response"/>
  <testcase name="Enter_Tolls_on_Quick_Respose_grid" time="7.003" classname="VF_Quote_Creation_And_Response.FTL_Quote_Seller_Response"/>
  <testcase name="Verify_Quote_status_as_HoldAsDraft" time="0.163" classname="VF_Quote_Creation_And_Response.FTL_Quote_Seller_Response"/>
  <testcase name="Enter_data_on_Freight_Per_Gallon_in_Quick_Response_Grid" time="13.371" classname="VF_Quote_Creation_And_Response.FTL_Quote_Seller_Response"/>
  <testcase name="Enter_FuelSurcharge" time="2.459" classname="VF_Quote_Creation_And_Response.FTL_Quote_Seller_Response"/>
  <testcase name="save_response_tandc" time="4.911" classname="VF_Quote_Creation_And_Response.FTL_Quote_Seller_Response"/>
  <testcase name="Verify_Quote_status_as_ReadytoSubmit" time="0.187" classname="VF_Quote_Creation_And_Response.FTL_Quote_Seller_Response"/>
  <testcase name="verify_Tolls_data_on_tandc" time="15.093" classname="VF_Quote_Creation_And_Response.FTL_Quote_Seller_Response"/>
  <testcase name="Verify_Freight_Per_Gallon_Values_in_TandC" time="2.282" classname="VF_Quote_Creation_And_Response.FTL_Quote_Seller_Response"/>
  <testcase name="Retrieve_Total_charges_Frt_Per_Gallon_Values_From_TandC" time="2.514" classname="VF_Quote_Creation_And_Response.FTL_Quote_Seller_Response"/>
  <testcase name="Retrieve_$_Per_Period_Values_From_TandC" time="0.984" classname="VF_Quote_Creation_And_Response.FTL_Quote_Seller_Response"/>
  <testcase name="Retrieve_$_Per_Del_Values_From_TandC" time="0.831" classname="VF_Quote_Creation_And_Response.FTL_Quote_Seller_Response"/>
  <testcase name="Retrieve_$_Per_Gal_Values_From_TandC" time="1.290" classname="VF_Quote_Creation_And_Response.FTL_Quote_Seller_Response"/>
  <testcase name="Verify_Fuelsurcharge_And_Accessorial_Service_on_Workbench" time="5.554" classname="VF_Quote_Creation_And_Response.FTL_Quote_Seller_Response"/>
  <testcase name="Verify_Tolls_in_Workbench" time="0.693" classname="VF_Quote_Creation_And_Response.FTL_Quote_Seller_Response"/>
  <testcase name="Verify_Freight_Per_Gallon_Values_in_WorkBench" time="1.836" classname="VF_Quote_Creation_And_Response.FTL_Quote_Seller_Response"/>
  <testcase name="Verify_Total_Charges_Frt_$_Per_Gall_in_Workbench" time="1.888" classname="VF_Quote_Creation_And_Response.FTL_Quote_Seller_Response"/>
  <testcase name="Verify_$_Per_Period_Values_on_Workbench" time="1.403" classname="VF_Quote_Creation_And_Response.FTL_Quote_Seller_Response"/>
  <testcase name="Verify_$_Per_del_Values_on_Workbench" time="0.765" classname="VF_Quote_Creation_And_Response.FTL_Quote_Seller_Response"/>
  <testcase name="Verify_$_Per_Gal_Values_on_Workbench" time="0.864" classname="VF_Quote_Creation_And_Response.FTL_Quote_Seller_Response"/>
  <testcase name="check_Publish_To_Buyer_Calculator" time="2.507" classname="VF_Quote_Creation_And_Response.FTL_Quote_Seller_Response"/>
  <testcase name="Get_Values_from_Buyer_Calculator" time="1.943" classname="VF_Quote_Creation_And_Response.FTL_Quote_Seller_Response"/>
  <testcase name="Verify_finaltotal_and_RankingBasis_Values" time="11.288" classname="VF_Quote_Creation_And_Response.FTL_Quote_Seller_Response"/>
  <testcase name="Submit_response" time="7.967" classname="VF_Quote_Creation_And_Response.FTL_Quote_Seller_Response"/>
  <testcase name="verify_Submitted_quote_in_Active" time="23.679" classname="VF_Quote_Creation_And_Response.FTL_Quote_Seller_Response"/>
  <testcase name="Logout_seller" time="1.722" classname="VF_Quote_Creation_And_Response.FTL_Quote_Seller_Response"/>
</testsuite> <!-- VF_Quote_Creation_And_Response.FTL_Quote_Seller_Response -->
