<?xml version="1.0" encoding="UTF-8"?>
<!-- Generated by org.testng.reporters.JUnitReportReporter -->
<testsuite skipped="0" hostname="Kiran-PC" name="VF_Quote_Creation_And_Response.FTL_Quote_Seller_Response_Ranking_Basis_Per_Period" tests="31" failures="0" timestamp="27 May 2020 06:10:04 GMT" time="146.465" errors="0">
  <testcase name="Open_Browser" time="8.515" classname="VF_Quote_Creation_And_Response.FTL_Quote_Seller_Response_Ranking_Basis_Per_Period"/>
  <testcase name="Seller_Login" time="7.993" classname="VF_Quote_Creation_And_Response.FTL_Quote_Seller_Response_Ranking_Basis_Per_Period"/>
  <testcase name="verify_Seller_login" time="1.140" classname="VF_Quote_Creation_And_Response.FTL_Quote_Seller_Response_Ranking_Basis_Per_Period"/>
  <testcase name="Navigate_to_Review_Quote" time="7.990" classname="VF_Quote_Creation_And_Response.FTL_Quote_Seller_Response_Ranking_Basis_Per_Period"/>
  <testcase name="Seller_New_Quote_Search" time="14.181" classname="VF_Quote_Creation_And_Response.FTL_Quote_Seller_Response_Ranking_Basis_Per_Period"/>
  <testcase name="Verify_Quote_status_as_New" time="0.475" classname="VF_Quote_Creation_And_Response.FTL_Quote_Seller_Response_Ranking_Basis_Per_Period"/>
  <testcase name="Enter_Tolls_on_Quick_Respose_grid" time="7.596" classname="VF_Quote_Creation_And_Response.FTL_Quote_Seller_Response_Ranking_Basis_Per_Period"/>
  <testcase name="Verify_Quote_status_as_HoldAsDraft" time="0.142" classname="VF_Quote_Creation_And_Response.FTL_Quote_Seller_Response_Ranking_Basis_Per_Period"/>
  <testcase name="Enter_data_on_Freight_Per_Gallon_in_Quick_Response_Grid" time="11.178" classname="VF_Quote_Creation_And_Response.FTL_Quote_Seller_Response_Ranking_Basis_Per_Period"/>
  <testcase name="Enter_FuelSurcharge" time="2.557" classname="VF_Quote_Creation_And_Response.FTL_Quote_Seller_Response_Ranking_Basis_Per_Period"/>
  <testcase name="save_response_tandc" time="5.538" classname="VF_Quote_Creation_And_Response.FTL_Quote_Seller_Response_Ranking_Basis_Per_Period"/>
  <testcase name="Verify_Quote_status_as_ReadytoSubmit" time="0.077" classname="VF_Quote_Creation_And_Response.FTL_Quote_Seller_Response_Ranking_Basis_Per_Period"/>
  <testcase name="verify_FuelSurcharge_AccessorialFees_And_Tolls_data_on_tandc" time="14.105" classname="VF_Quote_Creation_And_Response.FTL_Quote_Seller_Response_Ranking_Basis_Per_Period"/>
  <testcase name="Verify_Freight_Per_Gallon_Values_in_TandC" time="0.565" classname="VF_Quote_Creation_And_Response.FTL_Quote_Seller_Response_Ranking_Basis_Per_Period"/>
  <testcase name="Retrieve_Total_charges_Frt_Per_Gallon_Values_From_TandC" time="1.099" classname="VF_Quote_Creation_And_Response.FTL_Quote_Seller_Response_Ranking_Basis_Per_Period"/>
  <testcase name="Retrieve_$_Per_Period_Values_From_TandC" time="0.485" classname="VF_Quote_Creation_And_Response.FTL_Quote_Seller_Response_Ranking_Basis_Per_Period"/>
  <testcase name="Retrieve_$_Per_Del_Values_From_TandC" time="0.430" classname="VF_Quote_Creation_And_Response.FTL_Quote_Seller_Response_Ranking_Basis_Per_Period"/>
  <testcase name="Retrieve_$_Per_Gal_Values_From_TandC" time="0.864" classname="VF_Quote_Creation_And_Response.FTL_Quote_Seller_Response_Ranking_Basis_Per_Period"/>
  <testcase name="Verify_Fuelsurcharge_And_Accessorial_Service_on_Workbench" time="5.283" classname="VF_Quote_Creation_And_Response.FTL_Quote_Seller_Response_Ranking_Basis_Per_Period"/>
  <testcase name="Verify_Tolls_in_Workbench" time="0.177" classname="VF_Quote_Creation_And_Response.FTL_Quote_Seller_Response_Ranking_Basis_Per_Period"/>
  <testcase name="Verify_Freight_Per_Gallon_Values_in_WorkBench" time="0.516" classname="VF_Quote_Creation_And_Response.FTL_Quote_Seller_Response_Ranking_Basis_Per_Period"/>
  <testcase name="Verify_Total_Charges_Frt_$_Per_Gall_in_Workbench" time="0.607" classname="VF_Quote_Creation_And_Response.FTL_Quote_Seller_Response_Ranking_Basis_Per_Period"/>
  <testcase name="Verify_$_Per_Period_Values_on_Workbench" time="0.728" classname="VF_Quote_Creation_And_Response.FTL_Quote_Seller_Response_Ranking_Basis_Per_Period"/>
  <testcase name="Verify_$_Per_del_Values_on_Workbench" time="0.218" classname="VF_Quote_Creation_And_Response.FTL_Quote_Seller_Response_Ranking_Basis_Per_Period"/>
  <testcase name="Verify_$_Per_Gal_Values_on_Workbench" time="0.368" classname="VF_Quote_Creation_And_Response.FTL_Quote_Seller_Response_Ranking_Basis_Per_Period"/>
  <testcase name="check_Publish_To_Buyer_Calculator" time="2.516" classname="VF_Quote_Creation_And_Response.FTL_Quote_Seller_Response_Ranking_Basis_Per_Period"/>
  <testcase name="Get_Values_from_Buyer_Calculator" time="1.453" classname="VF_Quote_Creation_And_Response.FTL_Quote_Seller_Response_Ranking_Basis_Per_Period"/>
  <testcase name="Verify_finaltotal_and_RankingBasis_Values" time="11.140" classname="VF_Quote_Creation_And_Response.FTL_Quote_Seller_Response_Ranking_Basis_Per_Period"/>
  <testcase name="Submit_response" time="8.518" classname="VF_Quote_Creation_And_Response.FTL_Quote_Seller_Response_Ranking_Basis_Per_Period"/>
  <testcase name="verify_Submitted_quote_in_Active" time="28.279" classname="VF_Quote_Creation_And_Response.FTL_Quote_Seller_Response_Ranking_Basis_Per_Period"/>
  <testcase name="Logout_seller" time="1.732" classname="VF_Quote_Creation_And_Response.FTL_Quote_Seller_Response_Ranking_Basis_Per_Period"/>
</testsuite> <!-- VF_Quote_Creation_And_Response.FTL_Quote_Seller_Response_Ranking_Basis_Per_Period -->
