<?xml version="1.0" encoding="UTF-8"?>
<!-- Generated by org.testng.reporters.JUnitReportReporter -->
<testsuite skipped="0" hostname="Kiran-PC" name="VF_Quote_Creation_And_Response.LTL_Quote_Buyer_Side_Verification_Ranking_Basis_Per_Del" tests="32" failures="0" timestamp="25 May 2020 14:55:42 GMT" time="114.422" errors="0">
  <testcase name="Browser" time="7.077" classname="VF_Quote_Creation_And_Response.LTL_Quote_Buyer_Side_Verification_Ranking_Basis_Per_Del"/>
  <testcase name="Buyer_Login" time="10.527" classname="VF_Quote_Creation_And_Response.LTL_Quote_Buyer_Side_Verification_Ranking_Basis_Per_Del"/>
  <testcase name="verify_buyer_login" time="0.044" classname="VF_Quote_Creation_And_Response.LTL_Quote_Buyer_Side_Verification_Ranking_Basis_Per_Del"/>
  <testcase name="Navigate_to_Create_Or_View_Page" time="4.892" classname="VF_Quote_Creation_And_Response.LTL_Quote_Buyer_Side_Verification_Ranking_Basis_Per_Del"/>
  <testcase name="Open_Quote_In_Active_Tab" time="8.058" classname="VF_Quote_Creation_And_Response.LTL_Quote_Buyer_Side_Verification_Ranking_Basis_Per_Del"/>
  <testcase name="Verify_Page_Navigated_To_Delivery_Location" time="8.042" classname="VF_Quote_Creation_And_Response.LTL_Quote_Buyer_Side_Verification_Ranking_Basis_Per_Del"/>
  <testcase name="Open_View_in_TandC" time="0.161" classname="VF_Quote_Creation_And_Response.LTL_Quote_Buyer_Side_Verification_Ranking_Basis_Per_Del"/>
  <testcase name="Verify_Delivery_Flat_Fee_for_Seller_Freight_Rates_In_TandC" time="1.979" classname="VF_Quote_Creation_And_Response.LTL_Quote_Buyer_Side_Verification_Ranking_Basis_Per_Del"/>
  <testcase name="Verify_Freight_And_Margin_$_Per_Gallon_for_Seller_Freight_Rates_In_TandC" time="0.230" classname="VF_Quote_Creation_And_Response.LTL_Quote_Buyer_Side_Verification_Ranking_Basis_Per_Del"/>
  <testcase name="Verify_Final_Total_And_Ranking_Basis_in_TandC" time="3.298" classname="VF_Quote_Creation_And_Response.LTL_Quote_Buyer_Side_Verification_Ranking_Basis_Per_Del"/>
  <testcase name="Open_Workbench" time="0.162" classname="VF_Quote_Creation_And_Response.LTL_Quote_Buyer_Side_Verification_Ranking_Basis_Per_Del"/>
  <testcase name="Verify_Buyer_Calculations_on_Workbench" time="8.411" classname="VF_Quote_Creation_And_Response.LTL_Quote_Buyer_Side_Verification_Ranking_Basis_Per_Del"/>
  <testcase name="Verify_Delivery_Flat_Fee_for_Seller_Freight_Rates_In_Workbench" time="0.564" classname="VF_Quote_Creation_And_Response.LTL_Quote_Buyer_Side_Verification_Ranking_Basis_Per_Del"/>
  <testcase name="Verify_Freight_And_Margin_$_Per_Gallon_for_Seller_Freight_Rates_In_Workbench" time="0.273" classname="VF_Quote_Creation_And_Response.LTL_Quote_Buyer_Side_Verification_Ranking_Basis_Per_Del"/>
  <testcase name="Verify_$_Per_Del_Values_in_Workbench" time="0.195" classname="VF_Quote_Creation_And_Response.LTL_Quote_Buyer_Side_Verification_Ranking_Basis_Per_Del"/>
  <testcase name="Close_Workbench" time="2.200" classname="VF_Quote_Creation_And_Response.LTL_Quote_Buyer_Side_Verification_Ranking_Basis_Per_Del"/>
  <testcase name="Award_Quote" time="22.083" classname="VF_Quote_Creation_And_Response.LTL_Quote_Buyer_Side_Verification_Ranking_Basis_Per_Del"/>
  <testcase name="Verify_Quote_in_Awarded_Tab" time="4.427" classname="VF_Quote_Creation_And_Response.LTL_Quote_Buyer_Side_Verification_Ranking_Basis_Per_Del"/>
  <testcase name="Open_Awarded_Quote" time="12.149" classname="VF_Quote_Creation_And_Response.LTL_Quote_Buyer_Side_Verification_Ranking_Basis_Per_Del"/>
  <testcase name="Verify_Page_Navigated_To_Delivery_Location_in_Awarded_Quote" time="0.045" classname="VF_Quote_Creation_And_Response.LTL_Quote_Buyer_Side_Verification_Ranking_Basis_Per_Del"/>
  <testcase name="Verify_awarded_Quote_Status" time="0.064" classname="VF_Quote_Creation_And_Response.LTL_Quote_Buyer_Side_Verification_Ranking_Basis_Per_Del"/>
  <testcase name="Open_View_in_TandC_in_Awarded_Quote" time="0.164" classname="VF_Quote_Creation_And_Response.LTL_Quote_Buyer_Side_Verification_Ranking_Basis_Per_Del"/>
  <testcase name="Verify_Delivery_Flat_Fee_for_Seller_Freight_Rates_In_TandC_for_Awarded_Quote" time="1.889" classname="VF_Quote_Creation_And_Response.LTL_Quote_Buyer_Side_Verification_Ranking_Basis_Per_Del"/>
  <testcase name="Verify_Freight_And_Margin_$_Per_Gallon_for_Seller_Freight_Rates_In_TandC_for_Awarded_Quote" time="0.248" classname="VF_Quote_Creation_And_Response.LTL_Quote_Buyer_Side_Verification_Ranking_Basis_Per_Del"/>
  <testcase name="Verify_Final_Total_And_Ranking_Basis_in_TandC_for_Awarded_Quote" time="3.247" classname="VF_Quote_Creation_And_Response.LTL_Quote_Buyer_Side_Verification_Ranking_Basis_Per_Del"/>
  <testcase name="Open_Workbench_for_Awarded_quote" time="0.209" classname="VF_Quote_Creation_And_Response.LTL_Quote_Buyer_Side_Verification_Ranking_Basis_Per_Del"/>
  <testcase name="Verify_Buyer_Calculations_on_Workbench_for_Awarded_quote" time="6.428" classname="VF_Quote_Creation_And_Response.LTL_Quote_Buyer_Side_Verification_Ranking_Basis_Per_Del"/>
  <testcase name="Verify_Delivery_Flat_Fee_for_Seller_Freight_Rates_In_Workbench_for_Awarded_quote" time="0.799" classname="VF_Quote_Creation_And_Response.LTL_Quote_Buyer_Side_Verification_Ranking_Basis_Per_Del"/>
  <testcase name="Verify_Freight_And_Margin_$_Per_Gallon_for_Seller_Freight_Rates_In_Workbench_for_Awarded_quote" time="0.348" classname="VF_Quote_Creation_And_Response.LTL_Quote_Buyer_Side_Verification_Ranking_Basis_Per_Del"/>
  <testcase name="Verify_$_Per_Del_Values_in_Workbench_for_Awarded_quote" time="0.157" classname="VF_Quote_Creation_And_Response.LTL_Quote_Buyer_Side_Verification_Ranking_Basis_Per_Del"/>
  <testcase name="Close_Workbench_for_Awarded_quote" time="2.278" classname="VF_Quote_Creation_And_Response.LTL_Quote_Buyer_Side_Verification_Ranking_Basis_Per_Del"/>
  <testcase name="Veify_Buyer_Logout" time="3.774" classname="VF_Quote_Creation_And_Response.LTL_Quote_Buyer_Side_Verification_Ranking_Basis_Per_Del"/>
</testsuite> <!-- VF_Quote_Creation_And_Response.LTL_Quote_Buyer_Side_Verification_Ranking_Basis_Per_Del -->
